<?xml version="1.0" encoding="UTF-8"?>
<testng-results ignored="0" total="4" passed="3" failed="1" skipped="0">
  <reporter-output>
  </reporter-output>
  <suite started-at="2024-09-30T11:05:44Z" name="Suite" finished-at="2024-09-30T11:06:55Z" duration-ms="70320">
    <groups>
    </groups>
    <test started-at="2024-09-30T11:05:44Z" name="LoginTest" finished-at="2024-09-30T11:06:55Z" duration-ms="70320">
      <class name="AllTestClasses.LoginPageTest">
        <test-method is-config="true" signature="StartAppiumServerAndSetOptionClass()[pri:0, instance:AllTestClasses.LoginPageTest@7daa0fbd]" started-at="2024-09-30T17:05:44Z" name="StartAppiumServerAndSetOptionClass" finished-at="2024-09-30T17:06:13Z" duration-ms="28705" status="PASS">
          <reporter-output>
          </reporter-output>
        </test-method> <!-- StartAppiumServerAndSetOptionClass -->
        <test-method signature="incorrectPasswordTest()[pri:1, instance:AllTestClasses.LoginPageTest@7daa0fbd]" started-at="2024-09-30T17:06:13Z" name="incorrectPasswordTest" finished-at="2024-09-30T17:06:27Z" duration-ms="13810" status="PASS">
          <reporter-output>
          </reporter-output>
        </test-method> <!-- incorrectPasswordTest -->
        <test-method is-config="true" signature="TestBeforeMethod()[pri:0, instance:AllTestClasses.LoginPageTest@7daa0fbd]" started-at="2024-09-30T17:06:13Z" name="TestBeforeMethod" finished-at="2024-09-30T17:06:13Z" duration-ms="0" status="PASS">
          <reporter-output>
          </reporter-output>
        </test-method> <!-- TestBeforeMethod -->
        <test-method is-config="true" signature="TestBeforeMethod()[pri:0, instance:AllTestClasses.LoginPageTest@7daa0fbd]" started-at="2024-09-30T17:06:27Z" name="TestBeforeMethod" finished-at="2024-09-30T17:06:27Z" duration-ms="0" status="PASS">
          <reporter-output>
          </reporter-output>
        </test-method> <!-- TestBeforeMethod -->
        <test-method signature="BlankNumberFieldTest()[pri:2, instance:AllTestClasses.LoginPageTest@7daa0fbd]" started-at="2024-09-30T17:06:27Z" name="BlankNumberFieldTest" finished-at="2024-09-30T17:06:35Z" duration-ms="8303" status="PASS">
          <reporter-output>
          </reporter-output>
        </test-method> <!-- BlankNumberFieldTest -->
        <test-method signature="BlankPsswordFieldTest()[pri:3, instance:AllTestClasses.LoginPageTest@7daa0fbd]" started-at="2024-09-30T17:06:35Z" name="BlankPsswordFieldTest" finished-at="2024-09-30T17:06:42Z" duration-ms="7076" status="FAIL">
          <exception class="java.lang.AssertionError">
            <message>
              <![CDATA[expected [Please enter PIN numbesr] but found [Please enter PIN number]]]>
            </message>
            <full-stacktrace>
              <![CDATA[java.lang.AssertionError: expected [Please enter PIN numbesr] but found [Please enter PIN number]
	at org.testng.Assert.fail(Assert.java:93)
	at org.testng.Assert.failNotEquals(Assert.java:512)
	at org.testng.Assert.assertEqualsImpl(Assert.java:134)
	at org.testng.Assert.assertEquals(Assert.java:115)
	at org.testng.Assert.assertEquals(Assert.java:189)
	at org.testng.Assert.assertEquals(Assert.java:199)
	at AllTestClasses.LoginPageTest.BlankPsswordFieldTest(LoginPageTest.java:65)
	at java.base/jdk.internal.reflect.DirectMethodHandleAccessor.invoke(DirectMethodHandleAccessor.java:103)
	at java.base/java.lang.reflect.Method.invoke(Method.java:580)
	at org.testng.internal.MethodInvocationHelper.invokeMethod(MethodInvocationHelper.java:108)
	at org.testng.internal.Invoker.invokeMethod(Invoker.java:661)
	at org.testng.internal.Invoker.invokeTestMethod(Invoker.java:869)
	at org.testng.internal.Invoker.invokeTestMethods(Invoker.java:1193)
	at org.testng.internal.TestMethodWorker.invokeTestMethods(TestMethodWorker.java:126)
	at org.testng.internal.TestMethodWorker.run(TestMethodWorker.java:109)
	at org.testng.TestRunner.privateRun(TestRunner.java:744)
	at org.testng.TestRunner.run(TestRunner.java:602)
	at org.testng.SuiteRunner.runTest(SuiteRunner.java:380)
	at org.testng.SuiteRunner.runSequentially(SuiteRunner.java:375)
	at org.testng.SuiteRunner.privateRun(SuiteRunner.java:340)
	at org.testng.SuiteRunner.run(SuiteRunner.java:289)
	at org.testng.SuiteRunnerWorker.runSuite(SuiteRunnerWorker.java:52)
	at org.testng.SuiteRunnerWorker.run(SuiteRunnerWorker.java:86)
	at org.testng.TestNG.runSuitesSequentially(TestNG.java:1301)
	at org.testng.TestNG.runSuitesLocally(TestNG.java:1226)
	at org.testng.TestNG.runSuites(TestNG.java:1144)
	at org.testng.TestNG.run(TestNG.java:1115)
	at org.testng.remote.AbstractRemoteTestNG.run(AbstractRemoteTestNG.java:115)
	at org.testng.remote.RemoteTestNG.initAndRun(RemoteTestNG.java:293)
	at org.testng.remote.RemoteTestNG.main(RemoteTestNG.java:91)
]]>
            </full-stacktrace>
          </exception> <!-- java.lang.AssertionError -->
          <reporter-output>
          </reporter-output>
        </test-method> <!-- BlankPsswordFieldTest -->
        <test-method is-config="true" signature="TestBeforeMethod()[pri:0, instance:AllTestClasses.LoginPageTest@7daa0fbd]" started-at="2024-09-30T17:06:35Z" name="TestBeforeMethod" finished-at="2024-09-30T17:06:35Z" duration-ms="0" status="PASS">
          <reporter-output>
          </reporter-output>
        </test-method> <!-- TestBeforeMethod -->
        <test-method is-config="true" signature="TestBeforeMethod()[pri:0, instance:AllTestClasses.LoginPageTest@7daa0fbd]" started-at="2024-09-30T17:06:43Z" name="TestBeforeMethod" finished-at="2024-09-30T17:06:43Z" duration-ms="0" status="PASS">
          <reporter-output>
          </reporter-output>
        </test-method> <!-- TestBeforeMethod -->
        <test-method signature="ProperLogin()[pri:4, instance:AllTestClasses.LoginPageTest@7daa0fbd]" started-at="2024-09-30T17:06:43Z" name="ProperLogin" finished-at="2024-09-30T17:06:54Z" duration-ms="10798" status="PASS">
          <reporter-output>
          </reporter-output>
        </test-method> <!-- ProperLogin -->
        <test-method is-config="true" signature="StopServerAndDriver()[pri:0, instance:AllTestClasses.LoginPageTest@7daa0fbd]" started-at="2024-09-30T17:06:54Z" name="StopServerAndDriver" finished-at="2024-09-30T17:06:55Z" duration-ms="501" status="PASS">
          <reporter-output>
          </reporter-output>
        </test-method> <!-- StopServerAndDriver -->
      </class> <!-- AllTestClasses.LoginPageTest -->
    </test> <!-- LoginTest -->
  </suite> <!-- Suite -->
</testng-results>
